advent of code: day24
DIGIT 1
1 True [1, 1, 7, 7]
2 True [2, 1, 8, 8]
3 True [3, 1, 9, 9]
4 True [4, 1, 10, 10]
5 True [5, 1, 11, 11]
6 True [6, 1, 12, 12]
7 True [7, 1, 13, 13]
8 True [8, 1, 14, 14]
9 True [9, 1, 15, 15]
DIGIT 2
1 True [1, 1, 15, 15]
2 True [2, 1, 16, 16]
3 True [3, 1, 17, 17]
4 True [4, 1, 18, 18]
5 True [5, 1, 19, 19]
6 True [6, 1, 20, 20]
7 True [7, 1, 21, 21]
8 True [8, 1, 22, 22]
9 True [9, 1, 23, 23]
DIGIT 3
1 True [1, 1, 15, 15]
2 True [2, 1, 16, 16]
3 True [3, 1, 17, 17]
4 True [4, 1, 18, 18]
5 True [5, 1, 19, 19]
6 True [6, 1, 20, 20]
7 True [7, 1, 21, 21]
8 True [8, 1, 22, 22]
9 True [9, 1, 23, 23]
DIGIT 4
1 True [1, 1, 11, 11]
2 True [2, 1, 12, 12]
3 True [3, 1, 13, 13]
4 True [4, 1, 14, 14]
5 True [5, 1, 15, 15]
6 True [6, 1, 16, 16]
7 True [7, 1, 17, 17]
8 True [8, 1, 18, 18]
9 True [9, 1, 19, 19]
DIGIT 5
1 True [1, 1, 10, 10]
2 True [2, 1, 11, 11]
3 True [3, 1, 12, 12]
4 True [4, 1, 13, 13]
5 True [5, 1, 14, 14]
6 True [6, 1, 15, 15]
7 True [7, 1, 16, 16]
8 True [8, 1, 17, 17]
9 True [9, 1, 18, 18]
DIGIT 6
1 True [1, 1, 13, 13]
2 True [2, 1, 14, 14]
3 True [3, 1, 15, 15]
4 True [4, 1, 16, 16]
5 True [5, 1, 17, 17]
6 True [6, 1, 18, 18]
7 True [7, 1, 19, 19]
8 True [8, 1, 20, 20]
9 True [9, 1, 21, 21]
DIGIT 7
1 True [1, 1, 9, 9]
2 True [2, 1, 10, 10]
3 True [3, 1, 11, 11]
4 True [4, 1, 12, 12]
5 True [5, 1, 13, 13]
6 True [6, 1, 14, 14]
7 True [7, 1, 15, 15]
8 True [8, 1, 16, 16]
9 True [9, 1, 17, 17]
DIGIT 8
1 True [1, 1, 14, 14]
2 True [2, 1, 15, 15]
3 True [3, 1, 16, 16]
4 True [4, 1, 17, 17]
5 True [5, 1, 18, 18]
6 True [6, 1, 19, 19]
7 True [7, 1, 20, 20]
8 True [8, 1, 21, 21]
9 True [9, 1, 22, 22]
DIGIT 9
1 True [1, 1, 13, 13]
2 True [2, 1, 14, 14]
3 True [3, 1, 15, 15]
4 True [4, 1, 16, 16]
5 True [5, 1, 17, 17]
6 True [6, 1, 18, 18]
7 True [7, 1, 19, 19]
8 True [8, 1, 20, 20]
9 True [9, 1, 21, 21]
DIGIT 10
1 True [1, 1, 7, 7]
2 True [2, 1, 8, 8]
3 True [3, 1, 9, 9]
4 True [4, 1, 10, 10]
5 True [5, 1, 11, 11]
6 True [6, 1, 12, 12]
7 True [7, 1, 13, 13]
8 True [8, 1, 14, 14]
9 True [9, 1, 15, 15]
DIGIT 11
1 True [1, 1, 10, 10]
2 True [2, 1, 11, 11]
3 True [3, 1, 12, 12]
4 True [4, 1, 13, 13]
5 True [5, 1, 14, 14]
6 True [6, 1, 15, 15]
7 True [7, 1, 16, 16]
8 True [8, 1, 17, 17]
9 True [9, 1, 18, 18]
DIGIT 12
1 True [1, 1, 16, 16]
2 True [2, 1, 17, 17]
3 True [3, 1, 18, 18]
4 True [4, 1, 19, 19]
5 True [5, 1, 20, 20]
6 True [6, 1, 21, 21]
7 True [7, 1, 22, 22]
8 True [8, 1, 23, 23]
9 True [9, 1, 24, 24]
DIGIT 13
1 True [1, 1, 5, 5]
2 True [2, 1, 6, 6]
3 True [3, 1, 7, 7]
4 True [4, 1, 8, 8]
5 True [5, 1, 9, 9]
6 True [6, 1, 10, 10]
7 True [7, 1, 11, 11]
8 True [8, 1, 12, 12]
9 True [9, 1, 13, 13]
part 1: -1
part 2: -1
